<?xml version="1.0"?>
<!DOCTYPE coverage SYSTEM "http://cobertura.sourceforge.net/xml/coverage-04.dtd">

<coverage line-rate="0.7486338797814208" branch-rate="0.7580645161290323" lines-covered="137" lines-valid="183" branches-covered="47" branches-valid="62" complexity="2.1956521739130435" version="2.0.3" timestamp="1417635503495">
	<sources>
		<source>--source</source>
		<source>/home/travis/build/eis/minimal-di/target/generated-sources/annotations</source>
		<source>/home/travis/build/eis/minimal-di/src/main/java</source>
	</sources>
	<packages>
		<package name="fi.eis.libraries.di" line-rate="0.7486338797814208" branch-rate="0.7580645161290323" complexity="2.1956521739130435">
			<classes>
				<class name="fi.eis.libraries.di.Context" filename="fi/eis/libraries/di/Context.java" line-rate="0.84375" branch-rate="0.6666666666666666" complexity="3.2">
					<methods>
						<method name="&lt;init&gt;" signature="([Lfi/eis/libraries/di/Module;)V" line-rate="1.0" branch-rate="1.0">
							<lines>
								<line number="28" hits="5" branch="false"/>
								<line number="29" hits="5" branch="false"/>
								<line number="30" hits="5" branch="false"/>
								<line number="31" hits="5" branch="false"/>
							</lines>
						</method>
						<method name="debugPrint" signature="(Ljava/lang/String;)V" line-rate="1.0" branch-rate="1.0">
							<lines>
								<line number="21" hits="32" branch="false"/>
							</lines>
						</method>
						<method name="debugPrint" signature="(Ljava/lang/String;[Ljava/lang/Object;)V" line-rate="0.0" branch-rate="1.0">
							<lines>
								<line number="26" hits="0" branch="false"/>
							</lines>
						</method>
						<method name="get" signature="(Ljava/lang/Class;)Ljava/lang/Object;" line-rate="0.8333333333333334" branch-rate="0.5">
							<lines>
								<line number="33" hits="8" branch="false"/>
								<line number="34" hits="8" branch="false"/>
								<line number="35" hits="8" branch="true" condition-coverage="50% (1/2)">
									<conditions>
										<condition number="0" type="jump" coverage="50%"/>
									</conditions>
								</line>
								<line number="37" hits="8" branch="true" condition-coverage="50% (1/2)">
									<conditions>
										<condition number="0" type="jump" coverage="50%"/>
									</conditions>
								</line>
								<line number="38" hits="8" branch="false"/>
								<line number="39" hits="8" branch="false"/>
								<line number="40" hits="8" branch="false"/>
								<line number="42" hits="0" branch="false"/>
								<line number="43" hits="8" branch="true" condition-coverage="50% (1/2)">
									<conditions>
										<condition number="0" type="jump" coverage="50%"/>
									</conditions>
								</line>
								<line number="44" hits="0" branch="false"/>
								<line number="46" hits="8" branch="false"/>
								<line number="47" hits="8" branch="false"/>
							</lines>
						</method>
						<method name="resolveProperties" signature="(Ljava/lang/Object;)V" line-rate="0.8571428571428571" branch-rate="0.8333333333333334">
							<lines>
								<line number="51" hits="8" branch="false"/>
								<line number="52" hits="8" branch="false"/>
								<line number="55" hits="8" branch="false"/>
								<line number="57" hits="13" branch="true" condition-coverage="100% (2/2)">
									<conditions>
										<condition number="0" type="jump" coverage="100%"/>
									</conditions>
								</line>
								<line number="58" hits="5" branch="true" condition-coverage="100% (2/2)">
									<conditions>
										<condition number="0" type="jump" coverage="100%"/>
									</conditions>
								</line>
								<line number="60" hits="3" branch="false"/>
								<line number="61" hits="3" branch="false"/>
								<line number="62" hits="3" branch="false"/>
								<line number="63" hits="3" branch="true" condition-coverage="50% (1/2)">
									<conditions>
										<condition number="0" type="jump" coverage="50%"/>
									</conditions>
								</line>
								<line number="64" hits="3" branch="false"/>
								<line number="66" hits="0" branch="false"/>
								<line number="67" hits="0" branch="false"/>
								<line number="68" hits="3" branch="false"/>
								<line number="71" hits="8" branch="false"/>
							</lines>
						</method>
					</methods>
					<lines>
						<line number="21" hits="32" branch="false"/>
						<line number="26" hits="0" branch="false"/>
						<line number="28" hits="5" branch="false"/>
						<line number="29" hits="5" branch="false"/>
						<line number="30" hits="5" branch="false"/>
						<line number="31" hits="5" branch="false"/>
						<line number="33" hits="8" branch="false"/>
						<line number="34" hits="8" branch="false"/>
						<line number="35" hits="8" branch="true" condition-coverage="50% (1/2)">
							<conditions>
								<condition number="0" type="jump" coverage="50%"/>
							</conditions>
						</line>
						<line number="37" hits="8" branch="true" condition-coverage="50% (1/2)">
							<conditions>
								<condition number="0" type="jump" coverage="50%"/>
							</conditions>
						</line>
						<line number="38" hits="8" branch="false"/>
						<line number="39" hits="8" branch="false"/>
						<line number="40" hits="8" branch="false"/>
						<line number="42" hits="0" branch="false"/>
						<line number="43" hits="8" branch="true" condition-coverage="50% (1/2)">
							<conditions>
								<condition number="0" type="jump" coverage="50%"/>
							</conditions>
						</line>
						<line number="44" hits="0" branch="false"/>
						<line number="46" hits="8" branch="false"/>
						<line number="47" hits="8" branch="false"/>
						<line number="51" hits="8" branch="false"/>
						<line number="52" hits="8" branch="false"/>
						<line number="55" hits="8" branch="false"/>
						<line number="57" hits="13" branch="true" condition-coverage="100% (2/2)">
							<conditions>
								<condition number="0" type="jump" coverage="100%"/>
							</conditions>
						</line>
						<line number="58" hits="5" branch="true" condition-coverage="100% (2/2)">
							<conditions>
								<condition number="0" type="jump" coverage="100%"/>
							</conditions>
						</line>
						<line number="60" hits="3" branch="false"/>
						<line number="61" hits="3" branch="false"/>
						<line number="62" hits="3" branch="false"/>
						<line number="63" hits="3" branch="true" condition-coverage="50% (1/2)">
							<conditions>
								<condition number="0" type="jump" coverage="50%"/>
							</conditions>
						</line>
						<line number="64" hits="3" branch="false"/>
						<line number="66" hits="0" branch="false"/>
						<line number="67" hits="0" branch="false"/>
						<line number="68" hits="3" branch="false"/>
						<line number="71" hits="8" branch="false"/>
					</lines>
				</class>
				<class name="fi.eis.libraries.di.DependencyInjection" filename="fi/eis/libraries/di/DependencyInjection.java" line-rate="0.875" branch-rate="1.0" complexity="1.25">
					<methods>
						<method name="&lt;init&gt;" signature="()V" line-rate="0.0" branch-rate="1.0">
							<lines>
								<line number="11" hits="0" branch="false"/>
							</lines>
						</method>
						<method name="classes" signature="(Ljava/util/List;)Lfi/eis/libraries/di/Module;" line-rate="1.0" branch-rate="1.0">
							<lines>
								<line number="16" hits="1" branch="false"/>
							</lines>
						</method>
						<method name="classes" signature="([Ljava/lang/Class;)Lfi/eis/libraries/di/Module;" line-rate="1.0" branch-rate="1.0">
							<lines>
								<line number="13" hits="8" branch="false"/>
							</lines>
						</method>
						<method name="context" signature="([Lfi/eis/libraries/di/Module;)Lfi/eis/libraries/di/Context;" line-rate="1.0" branch-rate="1.0">
							<lines>
								<line number="20" hits="4" branch="false"/>
								<line number="21" hits="12" branch="true" condition-coverage="100% (2/2)">
									<conditions>
										<condition number="0" type="jump" coverage="100%"/>
									</conditions>
								</line>
								<line number="22" hits="8" branch="false"/>
								<line number="25" hits="4" branch="false"/>
							</lines>
						</method>
						<method name="deploymentUnitContext" signature="(Ljava/lang/Class;)Lfi/eis/libraries/di/Context;" line-rate="1.0" branch-rate="1.0">
							<lines>
								<line number="29" hits="1" branch="false"/>
							</lines>
						</method>
					</methods>
					<lines>
						<line number="11" hits="0" branch="false"/>
						<line number="13" hits="8" branch="false"/>
						<line number="16" hits="1" branch="false"/>
						<line number="20" hits="4" branch="false"/>
						<line number="21" hits="12" branch="true" condition-coverage="100% (2/2)">
							<conditions>
								<condition number="0" type="jump" coverage="100%"/>
							</conditions>
						</line>
						<line number="22" hits="8" branch="false"/>
						<line number="25" hits="4" branch="false"/>
						<line number="29" hits="1" branch="false"/>
					</lines>
				</class>
				<class name="fi.eis.libraries.di.DeploymentUnitContext" filename="fi/eis/libraries/di/DeploymentUnitContext.java" line-rate="0.65625" branch-rate="0.6666666666666666" complexity="1.6296296296296295">
					<methods>
						<method name="&lt;init&gt;" signature="(Ljava/lang/Class;)V" line-rate="1.0" branch-rate="1.0">
							<lines>
								<line number="43" hits="1" branch="false"/>
								<line number="46" hits="1" branch="false"/>
								<line number="47" hits="1" branch="false"/>
								<line number="48" hits="1" branch="false"/>
							</lines>
						</method>
						<method name="add" signature="(Lfi/eis/libraries/di/DeploymentUnitContext$Entry;Lfi/eis/libraries/di/DeploymentUnitContext$BeanArchiveBuilder;)V" line-rate="1.0" branch-rate="0.5">
							<lines>
								<line number="157" hits="16" branch="true" condition-coverage="50% (1/2)">
									<conditions>
										<condition number="0" type="jump" coverage="50%"/>
									</conditions>
								</line>
								<line number="158" hits="16" branch="false"/>
								<line number="160" hits="16" branch="false"/>
							</lines>
						</method>
						<method name="filenameToClassname" signature="(Ljava/lang/String;)Ljava/lang/String;" line-rate="1.0" branch-rate="1.0">
							<lines>
								<line number="167" hits="16" branch="false"/>
							</lines>
						</method>
						<method name="get" signature="(Ljava/lang/Class;)Ljava/lang/Object;" line-rate="1.0" branch-rate="1.0">
							<lines>
								<line number="51" hits="2" branch="true" condition-coverage="100% (2/2)">
									<conditions>
										<condition number="0" type="jump" coverage="100%"/>
									</conditions>
								</line>
								<line number="52" hits="1" branch="false"/>
								<line number="53" hits="1" branch="false"/>
								<line number="55" hits="2" branch="false"/>
							</lines>
						</method>
						<method name="handle" signature="(Ljava/io/File;)Lfi/eis/libraries/di/DeploymentUnitContext$BeanArchiveBuilder;" line-rate="0.6363636363636364" branch-rate="0.5">
							<lines>
								<line number="77" hits="1" branch="true" condition-coverage="50% (1/2)">
									<conditions>
										<condition number="0" type="jump" coverage="50%"/>
									</conditions>
								</line>
								<line number="78" hits="0" branch="false"/>
								<line number="81" hits="1" branch="false"/>
								<line number="84" hits="1" branch="false"/>
								<line number="86" hits="1" branch="true" condition-coverage="50% (1/2)">
									<conditions>
										<condition number="0" type="jump" coverage="50%"/>
									</conditions>
								</line>
								<line number="87" hits="1" branch="false"/>
								<line number="89" hits="0" branch="false"/>
								<line number="91" hits="0" branch="false"/>
								<line number="92" hits="0" branch="false"/>
								<line number="93" hits="1" branch="false"/>
								<line number="94" hits="1" branch="false"/>
							</lines>
						</method>
						<method name="handle" signature="(Ljava/lang/String;)Lfi/eis/libraries/di/DeploymentUnitContext$BeanArchiveBuilder;" line-rate="0.0" branch-rate="1.0">
							<lines>
								<line number="72" hits="0" branch="false"/>
							</lines>
						</method>
						<method name="handle" signature="(Ljava/net/URL;)Lfi/eis/libraries/di/DeploymentUnitContext$BeanArchiveBuilder;" line-rate="1.0" branch-rate="1.0">
							<lines>
								<line number="67" hits="1" branch="false"/>
							</lines>
						</method>
						<method name="handleDirectory" signature="(Lfi/eis/libraries/di/DeploymentUnitContext$DirectoryEntry;Lfi/eis/libraries/di/DeploymentUnitContext$BeanArchiveBuilder;)V" line-rate="0.9333333333333333" branch-rate="0.875">
							<lines>
								<line number="121" hits="6" branch="false"/>
								<line number="123" hits="6" branch="false"/>
								<line number="125" hits="6" branch="true" condition-coverage="50% (1/2)">
									<conditions>
										<condition number="0" type="jump" coverage="50%"/>
									</conditions>
								</line>
								<line number="126" hits="0" branch="false"/>
								<line number="128" hits="6" branch="false"/>
								<line number="130" hits="27" branch="true" condition-coverage="100% (2/2)">
									<conditions>
										<condition number="0" type="jump" coverage="100%"/>
									</conditions>
								</line>
								<line number="132" hits="21" branch="true" condition-coverage="100% (2/2)">
									<conditions>
										<condition number="0" type="jump" coverage="100%"/>
									</conditions>
								</line>
								<line number="133" hits="20" branch="false"/>
								<line number="135" hits="1" branch="false"/>
								<line number="137" hits="21" branch="false"/>
								<line number="139" hits="21" branch="true" condition-coverage="100% (2/2)">
									<conditions>
										<condition number="0" type="jump" coverage="100%"/>
									</conditions>
								</line>
								<line number="140" hits="5" branch="false"/>
								<line number="142" hits="16" branch="false"/>
								<line number="144" hits="21" branch="false"/>
								<line number="146" hits="6" branch="false"/>
							</lines>
						</method>
						<method name="handleFile" signature="(Ljava/io/File;Lfi/eis/libraries/di/DeploymentUnitContext$BeanArchiveBuilder;)V" line-rate="0.0" branch-rate="0.0">
							<lines>
								<line number="104" hits="0" branch="false"/>
								<line number="107" hits="0" branch="false"/>
								<line number="108" hits="0" branch="false"/>
								<line number="109" hits="0" branch="false"/>
								<line number="110" hits="0" branch="true" condition-coverage="0% (0/2)">
									<conditions>
										<condition number="0" type="jump" coverage="0%"/>
									</conditions>
								</line>
								<line number="111" hits="0" branch="false"/>
								<line number="113" hits="0" branch="false"/>
								<line number="114" hits="0" branch="false"/>
								<line number="115" hits="0" branch="false"/>
								<line number="116" hits="0" branch="false"/>
								<line number="117" hits="0" branch="false"/>
							</lines>
						</method>
						<method name="initClassList" signature="()V" line-rate="1.0" branch-rate="1.0">
							<lines>
								<line number="60" hits="1" branch="false"/>
								<line number="61" hits="1" branch="false"/>
								<line number="62" hits="1" branch="false"/>
								<line number="63" hits="1" branch="false"/>
								<line number="64" hits="1" branch="false"/>
							</lines>
						</method>
						<method name="isClass" signature="(Ljava/lang/String;)Z" line-rate="1.0" branch-rate="1.0">
							<lines>
								<line number="163" hits="16" branch="false"/>
							</lines>
						</method>
						<method name="log_debugv" signature="(Ljava/lang/String;[Ljava/lang/Object;)V" line-rate="1.0" branch-rate="1.0">
							<lines>
								<line number="153" hits="7" branch="false"/>
								<line number="154" hits="7" branch="false"/>
							</lines>
						</method>
						<method name="log_warn" signature="(Ljava/lang/String;Ljava/lang/Throwable;)V" line-rate="0.0" branch-rate="1.0">
							<lines>
								<line number="98" hits="0" branch="false"/>
								<line number="99" hits="0" branch="false"/>
								<line number="100" hits="0" branch="false"/>
							</lines>
						</method>
						<method name="log_warnv" signature="(Ljava/lang/String;[Ljava/lang/Object;)V" line-rate="0.0" branch-rate="1.0">
							<lines>
								<line number="149" hits="0" branch="false"/>
								<line number="150" hits="0" branch="false"/>
							</lines>
						</method>
					</methods>
					<lines>
						<line number="43" hits="1" branch="false"/>
						<line number="46" hits="1" branch="false"/>
						<line number="47" hits="1" branch="false"/>
						<line number="48" hits="1" branch="false"/>
						<line number="51" hits="2" branch="true" condition-coverage="100% (2/2)">
							<conditions>
								<condition number="0" type="jump" coverage="100%"/>
							</conditions>
						</line>
						<line number="52" hits="1" branch="false"/>
						<line number="53" hits="1" branch="false"/>
						<line number="55" hits="2" branch="false"/>
						<line number="60" hits="1" branch="false"/>
						<line number="61" hits="1" branch="false"/>
						<line number="62" hits="1" branch="false"/>
						<line number="63" hits="1" branch="false"/>
						<line number="64" hits="1" branch="false"/>
						<line number="67" hits="1" branch="false"/>
						<line number="72" hits="0" branch="false"/>
						<line number="77" hits="1" branch="true" condition-coverage="50% (1/2)">
							<conditions>
								<condition number="0" type="jump" coverage="50%"/>
							</conditions>
						</line>
						<line number="78" hits="0" branch="false"/>
						<line number="81" hits="1" branch="false"/>
						<line number="84" hits="1" branch="false"/>
						<line number="86" hits="1" branch="true" condition-coverage="50% (1/2)">
							<conditions>
								<condition number="0" type="jump" coverage="50%"/>
							</conditions>
						</line>
						<line number="87" hits="1" branch="false"/>
						<line number="89" hits="0" branch="false"/>
						<line number="91" hits="0" branch="false"/>
						<line number="92" hits="0" branch="false"/>
						<line number="93" hits="1" branch="false"/>
						<line number="94" hits="1" branch="false"/>
						<line number="98" hits="0" branch="false"/>
						<line number="99" hits="0" branch="false"/>
						<line number="100" hits="0" branch="false"/>
						<line number="104" hits="0" branch="false"/>
						<line number="107" hits="0" branch="false"/>
						<line number="108" hits="0" branch="false"/>
						<line number="109" hits="0" branch="false"/>
						<line number="110" hits="0" branch="true" condition-coverage="0% (0/2)">
							<conditions>
								<condition number="0" type="jump" coverage="0%"/>
							</conditions>
						</line>
						<line number="111" hits="0" branch="false"/>
						<line number="113" hits="0" branch="false"/>
						<line number="114" hits="0" branch="false"/>
						<line number="115" hits="0" branch="false"/>
						<line number="116" hits="0" branch="false"/>
						<line number="117" hits="0" branch="false"/>
						<line number="121" hits="6" branch="false"/>
						<line number="123" hits="6" branch="false"/>
						<line number="125" hits="6" branch="true" condition-coverage="50% (1/2)">
							<conditions>
								<condition number="0" type="jump" coverage="50%"/>
							</conditions>
						</line>
						<line number="126" hits="0" branch="false"/>
						<line number="128" hits="6" branch="false"/>
						<line number="130" hits="27" branch="true" condition-coverage="100% (2/2)">
							<conditions>
								<condition number="0" type="jump" coverage="100%"/>
							</conditions>
						</line>
						<line number="132" hits="21" branch="true" condition-coverage="100% (2/2)">
							<conditions>
								<condition number="0" type="jump" coverage="100%"/>
							</conditions>
						</line>
						<line number="133" hits="20" branch="false"/>
						<line number="135" hits="1" branch="false"/>
						<line number="137" hits="21" branch="false"/>
						<line number="139" hits="21" branch="true" condition-coverage="100% (2/2)">
							<conditions>
								<condition number="0" type="jump" coverage="100%"/>
							</conditions>
						</line>
						<line number="140" hits="5" branch="false"/>
						<line number="142" hits="16" branch="false"/>
						<line number="144" hits="21" branch="false"/>
						<line number="146" hits="6" branch="false"/>
						<line number="149" hits="0" branch="false"/>
						<line number="150" hits="0" branch="false"/>
						<line number="153" hits="7" branch="false"/>
						<line number="154" hits="7" branch="false"/>
						<line number="157" hits="16" branch="true" condition-coverage="50% (1/2)">
							<conditions>
								<condition number="0" type="jump" coverage="50%"/>
							</conditions>
						</line>
						<line number="158" hits="16" branch="false"/>
						<line number="160" hits="16" branch="false"/>
						<line number="163" hits="16" branch="false"/>
						<line number="167" hits="16" branch="false"/>
					</lines>
				</class>
				<class name="fi.eis.libraries.di.DeploymentUnitContext$1" filename="fi/eis/libraries/di/DeploymentUnitContext.java" line-rate="1.0" branch-rate="1.0" complexity="1.6296296296296295">
					<methods>
					</methods>
					<lines>
					</lines>
				</class>
				<class name="fi.eis.libraries.di.DeploymentUnitContext$BeanArchiveBuilder" filename="fi/eis/libraries/di/DeploymentUnitContext.java" line-rate="0.8181818181818182" branch-rate="1.0" complexity="1.6296296296296295">
					<methods>
						<method name="&lt;init&gt;" signature="()V" line-rate="1.0" branch-rate="1.0">
							<lines>
								<line number="186" hits="1" branch="false"/>
								<line number="187" hits="1" branch="false"/>
							</lines>
						</method>
						<method name="addClass" signature="(Ljava/lang/String;)V" line-rate="0.75" branch-rate="1.0">
							<lines>
								<line number="191" hits="16" branch="false"/>
								<line number="194" hits="16" branch="true" condition-coverage="100% (4/4)">
									<conditions>
										<condition number="0" type="jump" coverage="100%"/>
										<condition number="1" type="jump" coverage="100%"/>
									</conditions>
								</line>
								<line number="195" hits="5" branch="false"/>
								<line number="197" hits="11" branch="false"/>
								<line number="198" hits="0" branch="false"/>
								<line number="199" hits="0" branch="false"/>
								<line number="200" hits="11" branch="false"/>
								<line number="201" hits="11" branch="false"/>
							</lines>
						</method>
						<method name="getClasses" signature="()Ljava/util/List;" line-rate="1.0" branch-rate="1.0">
							<lines>
								<line number="204" hits="1" branch="false"/>
							</lines>
						</method>
					</methods>
					<lines>
						<line number="186" hits="1" branch="false"/>
						<line number="187" hits="1" branch="false"/>
						<line number="191" hits="16" branch="false"/>
						<line number="194" hits="16" branch="true" condition-coverage="100% (4/4)">
							<conditions>
								<condition number="0" type="jump" coverage="100%"/>
								<condition number="1" type="jump" coverage="100%"/>
							</conditions>
						</line>
						<line number="195" hits="5" branch="false"/>
						<line number="197" hits="11" branch="false"/>
						<line number="198" hits="0" branch="false"/>
						<line number="199" hits="0" branch="false"/>
						<line number="200" hits="11" branch="false"/>
						<line number="201" hits="11" branch="false"/>
						<line number="204" hits="1" branch="false"/>
					</lines>
				</class>
				<class name="fi.eis.libraries.di.DeploymentUnitContext$DirectoryEntry" filename="fi/eis/libraries/di/DeploymentUnitContext.java" line-rate="0.875" branch-rate="1.0" complexity="1.6296296296296295">
					<methods>
						<method name="&lt;init&gt;" signature="()V" line-rate="1.0" branch-rate="1.0">
							<lines>
							</lines>
						</method>
						<method name="&lt;init&gt;" signature="(Lfi/eis/libraries/di/DeploymentUnitContext$1;)V" line-rate="1.0" branch-rate="1.0">
							<lines>
								<line number="234" hits="2" branch="false"/>
							</lines>
						</method>
						<method name="getFile" signature="()Ljava/io/File;" line-rate="1.0" branch-rate="1.0">
							<lines>
								<line number="255" hits="12" branch="false"/>
							</lines>
						</method>
						<method name="getName" signature="()Ljava/lang/String;" line-rate="1.0" branch-rate="1.0">
							<lines>
								<line number="241" hits="79" branch="false"/>
							</lines>
						</method>
						<method name="getUrl" signature="()Ljava/net/URL;" line-rate="0.0" branch-rate="1.0">
							<lines>
								<line number="246" hits="0" branch="false"/>
							</lines>
						</method>
						<method name="setFile" signature="(Ljava/io/File;)Lfi/eis/libraries/di/DeploymentUnitContext$DirectoryEntry;" line-rate="1.0" branch-rate="1.0">
							<lines>
								<line number="259" hits="22" branch="false"/>
								<line number="260" hits="22" branch="false"/>
							</lines>
						</method>
						<method name="setPath" signature="(Ljava/lang/String;)Lfi/eis/libraries/di/DeploymentUnitContext$DirectoryEntry;" line-rate="1.0" branch-rate="1.0">
							<lines>
								<line number="250" hits="42" branch="false"/>
								<line number="251" hits="42" branch="false"/>
							</lines>
						</method>
					</methods>
					<lines>
						<line number="234" hits="2" branch="false"/>
						<line number="241" hits="79" branch="false"/>
						<line number="246" hits="0" branch="false"/>
						<line number="250" hits="42" branch="false"/>
						<line number="251" hits="42" branch="false"/>
						<line number="255" hits="12" branch="false"/>
						<line number="259" hits="22" branch="false"/>
						<line number="260" hits="22" branch="false"/>
					</lines>
				</class>
				<class name="fi.eis.libraries.di.DeploymentUnitContext$Entry" filename="fi/eis/libraries/di/DeploymentUnitContext.java" line-rate="1.0" branch-rate="1.0" complexity="1.6296296296296295">
					<methods>
					</methods>
					<lines>
					</lines>
				</class>
				<class name="fi.eis.libraries.di.DeploymentUnitContext$ZipFileEntry" filename="fi/eis/libraries/di/DeploymentUnitContext.java" line-rate="0.0" branch-rate="1.0" complexity="1.6296296296296295">
					<methods>
						<method name="&lt;init&gt;" signature="(Ljava/lang/String;)V" line-rate="0.0" branch-rate="1.0">
							<lines>
								<line number="213" hits="0" branch="false"/>
								<line number="214" hits="0" branch="false"/>
								<line number="215" hits="0" branch="false"/>
							</lines>
						</method>
						<method name="getName" signature="()Ljava/lang/String;" line-rate="0.0" branch-rate="1.0">
							<lines>
								<line number="219" hits="0" branch="false"/>
							</lines>
						</method>
						<method name="getUrl" signature="()Ljava/net/URL;" line-rate="0.0" branch-rate="1.0">
							<lines>
								<line number="229" hits="0" branch="false"/>
							</lines>
						</method>
						<method name="setName" signature="(Ljava/lang/String;)Lfi/eis/libraries/di/DeploymentUnitContext$ZipFileEntry;" line-rate="0.0" branch-rate="1.0">
							<lines>
								<line number="223" hits="0" branch="false"/>
								<line number="224" hits="0" branch="false"/>
							</lines>
						</method>
					</methods>
					<lines>
						<line number="213" hits="0" branch="false"/>
						<line number="214" hits="0" branch="false"/>
						<line number="215" hits="0" branch="false"/>
						<line number="219" hits="0" branch="false"/>
						<line number="223" hits="0" branch="false"/>
						<line number="224" hits="0" branch="false"/>
						<line number="229" hits="0" branch="false"/>
					</lines>
				</class>
				<class name="fi.eis.libraries.di.Inject" filename="fi/eis/libraries/di/Inject.java" line-rate="1.0" branch-rate="1.0" complexity="0.0">
					<methods>
					</methods>
					<lines>
					</lines>
				</class>
				<class name="fi.eis.libraries.di.Module" filename="fi/eis/libraries/di/Module.java" line-rate="0.8490566037735849" branch-rate="0.8076923076923077" complexity="3.6">
					<methods>
						<method name="&lt;clinit&gt;" signature="()V" line-rate="1.0" branch-rate="1.0">
							<lines>
								<line number="28" hits="1" branch="false"/>
							</lines>
						</method>
						<method name="&lt;init&gt;" signature="(Ljava/util/List;)V" line-rate="1.0" branch-rate="1.0">
							<lines>
								<line number="29" hits="18" branch="false"/>
								<line number="35" hits="1" branch="false"/>
								<line number="36" hits="1" branch="true" condition-coverage="100% (2/2)">
									<conditions>
										<condition number="0" type="jump" coverage="100%"/>
									</conditions>
								</line>
								<line number="37" hits="11" branch="false"/>
								<line number="38" hits="11" branch="false"/>
								<line number="39" hits="1" branch="false"/>
							</lines>
						</method>
						<method name="&lt;init&gt;" signature="([Ljava/lang/Class;)V" line-rate="1.0" branch-rate="1.0">
							<lines>
								<line number="30" hits="17" branch="false"/>
								<line number="31" hits="27" branch="true" condition-coverage="100% (2/2)">
									<conditions>
										<condition number="0" type="jump" coverage="100%"/>
									</conditions>
								</line>
								<line number="32" hits="10" branch="false"/>
								<line number="34" hits="17" branch="false"/>
							</lines>
						</method>
						<method name="add" signature="(Lfi/eis/libraries/di/Module;)V" line-rate="1.0" branch-rate="1.0">
							<lines>
								<line number="41" hits="8" branch="false"/>
								<line number="42" hits="8" branch="false"/>
							</lines>
						</method>
						<method name="debugPrint" signature="(Ljava/lang/String;)V" line-rate="0.0" branch-rate="1.0">
							<lines>
								<line number="21" hits="0" branch="false"/>
							</lines>
						</method>
						<method name="debugPrint" signature="(Ljava/lang/String;[Ljava/lang/Object;)V" line-rate="1.0" branch-rate="1.0">
							<lines>
								<line number="26" hits="60" branch="false"/>
							</lines>
						</method>
						<method name="get" signature="(Ljava/lang/Class;)Ljava/lang/Object;" line-rate="0.6363636363636364" branch-rate="0.5">
							<lines>
								<line number="72" hits="10" branch="true" condition-coverage="50% (1/2)">
									<conditions>
										<condition number="0" type="jump" coverage="50%"/>
									</conditions>
								</line>
								<line number="73" hits="0" branch="false"/>
								<line number="75" hits="10" branch="false"/>
								<line number="76" hits="10" branch="true" condition-coverage="50% (1/2)">
									<conditions>
										<condition number="0" type="jump" coverage="50%"/>
									</conditions>
								</line>
								<line number="77" hits="0" branch="false"/>
								<line number="80" hits="10" branch="false"/>
								<line number="81" hits="10" branch="false"/>
								<line number="82" hits="10" branch="false"/>
								<line number="83" hits="10" branch="false"/>
								<line number="84" hits="0" branch="false"/>
								<line number="85" hits="0" branch="false"/>
							</lines>
						</method>
						<method name="getImplClassFor" signature="(Ljava/lang/Class;)Ljava/lang/Class;" line-rate="0.8" branch-rate="0.75">
							<lines>
								<line number="55" hits="10" branch="true" condition-coverage="50% (1/2)">
									<conditions>
										<condition number="0" type="jump" coverage="50%"/>
									</conditions>
								</line>
								<line number="56" hits="23" branch="true" condition-coverage="100% (2/2)">
									<conditions>
										<condition number="0" type="jump" coverage="100%"/>
									</conditions>
								</line>
								<line number="57" hits="10" branch="false"/>
								<line number="59" hits="13" branch="false"/>
								<line number="60" hits="0" branch="false"/>
							</lines>
						</method>
						<method name="getInstance" signature="(Ljava/lang/Class;)Ljava/lang/Object;" line-rate="0.8" branch-rate="0.75">
							<lines>
								<line number="63" hits="10" branch="true" condition-coverage="50% (1/2)">
									<conditions>
										<condition number="0" type="jump" coverage="50%"/>
									</conditions>
								</line>
								<line number="64" hits="23" branch="true" condition-coverage="100% (2/2)">
									<conditions>
										<condition number="0" type="jump" coverage="100%"/>
									</conditions>
								</line>
								<line number="65" hits="10" branch="false"/>
								<line number="67" hits="13" branch="false"/>
								<line number="68" hits="0" branch="false"/>
							</lines>
						</method>
						<method name="has" signature="(Ljava/lang/Class;)Z" line-rate="0.8571428571428571" branch-rate="0.75">
							<lines>
								<line number="45" hits="18" branch="false"/>
								<line number="46" hits="18" branch="true" condition-coverage="50% (1/2)">
									<conditions>
										<condition number="0" type="jump" coverage="50%"/>
									</conditions>
								</line>
								<line number="47" hits="42" branch="false"/>
								<line number="48" hits="42" branch="true" condition-coverage="100% (2/2)">
									<conditions>
										<condition number="0" type="jump" coverage="100%"/>
									</conditions>
								</line>
								<line number="49" hits="18" branch="false"/>
								<line number="51" hits="24" branch="false"/>
								<line number="52" hits="0" branch="false"/>
							</lines>
						</method>
						<method name="newInstance" signature="(Ljava/lang/Class;)Ljava/lang/Object;" line-rate="1.0" branch-rate="1.0">
							<lines>
								<line number="94" hits="12" branch="true" condition-coverage="100% (2/2)">
									<conditions>
										<condition number="0" type="jump" coverage="100%"/>
									</conditions>
								</line>
								<line number="95" hits="4" branch="true" condition-coverage="100% (2/2)">
									<conditions>
										<condition number="0" type="jump" coverage="100%"/>
									</conditions>
								</line>
								<line number="97" hits="2" branch="false"/>
								<line number="98" hits="2" branch="false"/>
								<line number="100" hits="2" branch="false"/>
								<line number="102" hits="4" branch="true" condition-coverage="100% (2/2)">
									<conditions>
										<condition number="0" type="jump" coverage="100%"/>
									</conditions>
								</line>
								<line number="103" hits="2" branch="false"/>
								<line number="106" hits="2" branch="false"/>
								<line number="108" hits="2" branch="false"/>
								<line number="111" hits="8" branch="false"/>
							</lines>
						</method>
					</methods>
					<lines>
						<line number="21" hits="0" branch="false"/>
						<line number="26" hits="60" branch="false"/>
						<line number="28" hits="1" branch="false"/>
						<line number="29" hits="18" branch="false"/>
						<line number="30" hits="17" branch="false"/>
						<line number="31" hits="27" branch="true" condition-coverage="100% (2/2)">
							<conditions>
								<condition number="0" type="jump" coverage="100%"/>
							</conditions>
						</line>
						<line number="32" hits="10" branch="false"/>
						<line number="34" hits="17" branch="false"/>
						<line number="35" hits="1" branch="false"/>
						<line number="36" hits="1" branch="true" condition-coverage="100% (2/2)">
							<conditions>
								<condition number="0" type="jump" coverage="100%"/>
							</conditions>
						</line>
						<line number="37" hits="11" branch="false"/>
						<line number="38" hits="11" branch="false"/>
						<line number="39" hits="1" branch="false"/>
						<line number="41" hits="8" branch="false"/>
						<line number="42" hits="8" branch="false"/>
						<line number="45" hits="18" branch="false"/>
						<line number="46" hits="18" branch="true" condition-coverage="50% (1/2)">
							<conditions>
								<condition number="0" type="jump" coverage="50%"/>
							</conditions>
						</line>
						<line number="47" hits="42" branch="false"/>
						<line number="48" hits="42" branch="true" condition-coverage="100% (2/2)">
							<conditions>
								<condition number="0" type="jump" coverage="100%"/>
							</conditions>
						</line>
						<line number="49" hits="18" branch="false"/>
						<line number="51" hits="24" branch="false"/>
						<line number="52" hits="0" branch="false"/>
						<line number="55" hits="10" branch="true" condition-coverage="50% (1/2)">
							<conditions>
								<condition number="0" type="jump" coverage="50%"/>
							</conditions>
						</line>
						<line number="56" hits="23" branch="true" condition-coverage="100% (2/2)">
							<conditions>
								<condition number="0" type="jump" coverage="100%"/>
							</conditions>
						</line>
						<line number="57" hits="10" branch="false"/>
						<line number="59" hits="13" branch="false"/>
						<line number="60" hits="0" branch="false"/>
						<line number="63" hits="10" branch="true" condition-coverage="50% (1/2)">
							<conditions>
								<condition number="0" type="jump" coverage="50%"/>
							</conditions>
						</line>
						<line number="64" hits="23" branch="true" condition-coverage="100% (2/2)">
							<conditions>
								<condition number="0" type="jump" coverage="100%"/>
							</conditions>
						</line>
						<line number="65" hits="10" branch="false"/>
						<line number="67" hits="13" branch="false"/>
						<line number="68" hits="0" branch="false"/>
						<line number="72" hits="10" branch="true" condition-coverage="50% (1/2)">
							<conditions>
								<condition number="0" type="jump" coverage="50%"/>
							</conditions>
						</line>
						<line number="73" hits="0" branch="false"/>
						<line number="75" hits="10" branch="false"/>
						<line number="76" hits="10" branch="true" condition-coverage="50% (1/2)">
							<conditions>
								<condition number="0" type="jump" coverage="50%"/>
							</conditions>
						</line>
						<line number="77" hits="0" branch="false"/>
						<line number="80" hits="10" branch="false"/>
						<line number="81" hits="10" branch="false"/>
						<line number="82" hits="10" branch="false"/>
						<line number="83" hits="10" branch="false"/>
						<line number="84" hits="0" branch="false"/>
						<line number="85" hits="0" branch="false"/>
						<line number="94" hits="12" branch="true" condition-coverage="100% (2/2)">
							<conditions>
								<condition number="0" type="jump" coverage="100%"/>
							</conditions>
						</line>
						<line number="95" hits="4" branch="true" condition-coverage="100% (2/2)">
							<conditions>
								<condition number="0" type="jump" coverage="100%"/>
							</conditions>
						</line>
						<line number="97" hits="2" branch="false"/>
						<line number="98" hits="2" branch="false"/>
						<line number="100" hits="2" branch="false"/>
						<line number="102" hits="4" branch="true" condition-coverage="100% (2/2)">
							<conditions>
								<condition number="0" type="jump" coverage="100%"/>
							</conditions>
						</line>
						<line number="103" hits="2" branch="false"/>
						<line number="106" hits="2" branch="false"/>
						<line number="108" hits="2" branch="false"/>
						<line number="111" hits="8" branch="false"/>
					</lines>
				</class>
			</classes>
		</package>
	</packages>
</coverage>
